[E 250102 11:05:31 smartConnect:246] Error occurred while making a POST request to https://apiconnect.angelone.in/rest/secure/angelbroking/historical/v1/getCandleData. Error: Something Went Wrong, Please Try After Sometime. URL: https://apiconnect.angelone.in/rest/secure/angelbroking/historical/v1/getCandleData, Headers: {'Content-type': 'application/json', 'X-ClientLocalIP': '127.0.0.1', 'X-ClientPublicIP': '106.193.147.98', 'X-MACAddress': '04:d3:b0:1c:f2:c8', 'Accept': 'application/json', 'X-PrivateKey': 'TUlICC4Y', 'X-UserType': 'USER', 'X-SourceID': 'WEB'}, Request: {'exchange': 'NSE', 'symboltoken': 'NIFTY', 'interval': 'FIVE_MINUTE', 'fromdate': '2025-01-01 09:15', 'todate': '2025-01-03 03:30'}, Response: {'message': 'Something Went Wrong, Please Try After Sometime', 'errorcode': 'AB1004', 'status': False, 'data': None}
[W 250102 11:05:39 smartWebSocketV2:319] Attempting to resubscribe/reconnect (Attempt 1)...
[W 250102 11:05:40 smartWebSocketV2:343] Connection closed due to max retry attempts reached.
[W 250102 11:11:15 smartWebSocketV2:319] Attempting to resubscribe/reconnect (Attempt 1)...
[W 250102 11:11:16 smartWebSocketV2:343] Connection closed due to max retry attempts reached.
[W 250102 11:12:07 smartWebSocketV2:319] Attempting to resubscribe/reconnect (Attempt 1)...
[W 250102 11:12:07 smartWebSocketV2:343] Connection closed due to max retry attempts reached.
[W 250102 11:25:26 smartWebSocketV2:319] Attempting to resubscribe/reconnect (Attempt 1)...
[W 250102 11:25:27 smartWebSocketV2:343] Connection closed due to max retry attempts reached.
[W 250102 11:29:52 smartWebSocketV2:319] Attempting to resubscribe/reconnect (Attempt 1)...
[W 250102 11:29:52 smartWebSocketV2:343] Connection closed due to max retry attempts reached.
[W 250102 11:33:14 smartWebSocketV2:319] Attempting to resubscribe/reconnect (Attempt 1)...
[W 250102 11:33:14 smartWebSocketV2:343] Connection closed due to max retry attempts reached.
[W 250102 11:34:57 smartWebSocketV2:319] Attempting to resubscribe/reconnect (Attempt 1)...
[W 250102 11:34:57 smartWebSocketV2:343] Connection closed due to max retry attempts reached.
[W 250102 11:35:29 smartWebSocketV2:319] Attempting to resubscribe/reconnect (Attempt 1)...
[W 250102 11:35:30 smartWebSocketV2:343] Connection closed due to max retry attempts reached.
[W 250102 11:35:57 smartWebSocketV2:319] Attempting to resubscribe/reconnect (Attempt 1)...
[W 250102 11:35:57 smartWebSocketV2:343] Connection closed due to max retry attempts reached.
[W 250102 12:04:54 smartWebSocketV2:319] Attempting to resubscribe/reconnect (Attempt 1)...
[W 250102 12:04:54 smartWebSocketV2:343] Connection closed due to max retry attempts reached.
[W 250102 12:20:46 smartWebSocketV2:319] Attempting to resubscribe/reconnect (Attempt 1)...
[W 250102 12:20:51 smartWebSocketV2:343] Connection closed due to max retry attempts reached.
[W 250102 12:20:51 smartWebSocketV2:343] Connection closed due to max retry attempts reached.
[W 250102 12:21:56 smartWebSocketV2:319] Attempting to resubscribe/reconnect (Attempt 1)...
[W 250102 12:21:57 smartWebSocketV2:343] Connection closed due to max retry attempts reached.
[E 250102 12:21:57 smartWebSocketV2:212] Error occurred during subscribe: Connection is already closed.
[W 250102 12:27:24 smartWebSocketV2:319] Attempting to resubscribe/reconnect (Attempt 1)...
[W 250102 12:27:24 smartWebSocketV2:343] Connection closed due to max retry attempts reached.
[E 250102 12:27:24 smartWebSocketV2:212] Error occurred during subscribe: Connection is already closed.
[W 250102 12:28:52 smartWebSocketV2:319] Attempting to resubscribe/reconnect (Attempt 1)...
[W 250102 12:28:52 smartWebSocketV2:343] Connection closed due to max retry attempts reached.
[E 250102 12:28:52 smartWebSocketV2:212] Error occurred during subscribe: Connection is already closed.
[W 250102 12:32:12 smartWebSocketV2:319] Attempting to resubscribe/reconnect (Attempt 1)...
[W 250102 12:32:15 smartWebSocketV2:343] Connection closed due to max retry attempts reached.
[E 250102 12:32:15 smartWebSocketV2:212] Error occurred during subscribe: Connection is already closed.
[W 250102 13:16:10 smartWebSocketV2:319] Attempting to resubscribe/reconnect (Attempt 1)...
[W 250102 13:16:11 smartWebSocketV2:343] Connection closed due to max retry attempts reached.
[E 250102 13:16:11 smartWebSocketV2:212] Error occurred during subscribe: Connection is already closed.
[W 250102 13:18:11 smartWebSocketV2:319] Attempting to resubscribe/reconnect (Attempt 1)...
[W 250102 13:18:13 smartWebSocketV2:343] Connection closed due to max retry attempts reached.
[E 250102 13:18:13 smartWebSocketV2:212] Error occurred during subscribe: Connection is already closed.
[W 250102 13:29:29 smartWebSocketV2:319] Attempting to resubscribe/reconnect (Attempt 1)...
[W 250102 13:29:32 smartWebSocketV2:343] Connection closed due to max retry attempts reached.
[E 250102 13:29:34 smartWebSocketV2:212] Error occurred during subscribe: Connection is already closed.
[W 250102 13:29:58 smartWebSocketV2:319] Attempting to resubscribe/reconnect (Attempt 1)...
[W 250102 13:29:59 smartWebSocketV2:343] Connection closed due to max retry attempts reached.
[W 250102 13:44:41 smartWebSocketV2:319] Attempting to resubscribe/reconnect (Attempt 1)...
[W 250102 13:44:43 smartWebSocketV2:343] Connection closed due to max retry attempts reached.
[W 250102 13:45:45 smartWebSocketV2:319] Attempting to resubscribe/reconnect (Attempt 1)...
[W 250102 13:45:46 smartWebSocketV2:343] Connection closed due to max retry attempts reached.
[W 250102 13:46:03 smartWebSocketV2:319] Attempting to resubscribe/reconnect (Attempt 1)...
[W 250102 13:46:04 smartWebSocketV2:343] Connection closed due to max retry attempts reached.
[W 250102 13:50:54 smartWebSocketV2:319] Attempting to resubscribe/reconnect (Attempt 1)...
[W 250102 13:50:54 smartWebSocketV2:343] Connection closed due to max retry attempts reached.
[I 250102 13:50:54 smartConnect:124] in pool
[W 250102 13:50:56 smartWebSocketV2:319] Attempting to resubscribe/reconnect (Attempt 1)...
[W 250102 13:50:57 smartWebSocketV2:343] Connection closed due to max retry attempts reached.
[W 250102 13:50:57 smartWebSocketV2:319] Attempting to resubscribe/reconnect (Attempt 1)...
[W 250102 13:50:58 smartWebSocketV2:343] Connection closed due to max retry attempts reached.
[W 250102 13:51:08 smartWebSocketV2:319] Attempting to resubscribe/reconnect (Attempt 1)...
[W 250102 13:51:09 smartWebSocketV2:343] Connection closed due to max retry attempts reached.
[E 250102 13:51:09 smartWebSocketV2:212] Error occurred during subscribe: Connection is already closed.
[W 250102 14:22:13 smartWebSocketV2:319] Attempting to resubscribe/reconnect (Attempt 1)...
[W 250102 14:22:23 smartWebSocketV2:343] Connection closed due to max retry attempts reached.
[W 250102 14:23:30 smartWebSocketV2:319] Attempting to resubscribe/reconnect (Attempt 1)...
[W 250102 14:23:40 smartWebSocketV2:343] Connection closed due to max retry attempts reached.
[W 250102 14:25:15 smartWebSocketV2:319] Attempting to resubscribe/reconnect (Attempt 1)...
[W 250102 14:27:37 smartWebSocketV2:319] Attempting to resubscribe/reconnect (Attempt 1)...
[W 250102 14:29:03 smartWebSocketV2:319] Attempting to resubscribe/reconnect (Attempt 1)...
[W 250102 14:29:59 smartWebSocketV2:319] Attempting to resubscribe/reconnect (Attempt 1)...
[W 250102 14:30:49 smartWebSocketV2:319] Attempting to resubscribe/reconnect (Attempt 1)...
[W 250102 14:32:46 smartWebSocketV2:319] Attempting to resubscribe/reconnect (Attempt 1)...
[W 250102 14:32:56 smartWebSocketV2:343] Connection closed due to max retry attempts reached.
[W 250102 14:33:21 smartWebSocketV2:319] Attempting to resubscribe/reconnect (Attempt 1)...
[W 250102 14:33:31 smartWebSocketV2:343] Connection closed due to max retry attempts reached.
[W 250102 14:37:11 smartWebSocketV2:319] Attempting to resubscribe/reconnect (Attempt 1)...
[W 250102 14:42:09 smartWebSocketV2:319] Attempting to resubscribe/reconnect (Attempt 1)...
[W 250102 14:50:40 smartWebSocketV2:319] Attempting to resubscribe/reconnect (Attempt 1)...
